<?xml version="1.0" encoding="UTF-8"?>
<coverage generated="1531969477048" clover="3.2.0">
  <project timestamp="1531969477048" name="All files">
    <metrics statements="30" coveredstatements="30" conditionals="12" coveredconditionals="12" methods="10" coveredmethods="10" elements="52" coveredelements="52" complexity="0" loc="30" ncloc="30" packages="2" files="2" classes="2">
      <package name="Go1_Technical">
        <metrics statements="29" coveredstatements="29" conditionals="12" coveredconditionals="12" methods="10" coveredmethods="10"/>
        <file name="app.js" path="/mnt/c/Users/ciano/Documents/Challanges/Go1_Technical/app.js">
          <metrics statements="29" coveredstatements="29" conditionals="12" coveredconditionals="12" methods="10" coveredmethods="10"/>
          <line num="1" count="1" type="stmt"/>
          <line num="2" count="1" type="stmt"/>
          <line num="3" count="1" type="stmt"/>
          <line num="4" count="1" type="stmt"/>
          <line num="6" count="9" type="stmt"/>
          <line num="7" count="9" type="stmt"/>
          <line num="8" count="9" type="cond" truecount="2" falsecount="0"/>
          <line num="9" count="2" type="stmt"/>
          <line num="12" count="9" type="cond" truecount="2" falsecount="0"/>
          <line num="13" count="7" type="stmt"/>
          <line num="18" count="1" type="stmt"/>
          <line num="19" count="10" type="cond" truecount="2" falsecount="0"/>
          <line num="21" count="10" type="cond" truecount="2" falsecount="0"/>
          <line num="22" count="9" type="cond" truecount="2" falsecount="0"/>
          <line num="24" count="9" type="stmt"/>
          <line num="25" count="7" type="stmt"/>
          <line num="26" count="7" type="stmt"/>
          <line num="28" count="2" type="stmt"/>
          <line num="33" count="1" type="stmt"/>
          <line num="39" count="1" type="stmt"/>
          <line num="40" count="48" type="stmt"/>
          <line num="42" count="1" type="stmt"/>
          <line num="44" count="1" type="stmt"/>
          <line num="45" count="6" type="cond" truecount="2" falsecount="0"/>
          <line num="46" count="6" type="stmt"/>
          <line num="48" count="6" type="stmt"/>
          <line num="51" count="1" type="stmt"/>
          <line num="52" count="1" type="stmt"/>
          <line num="57" count="1" type="stmt"/>
        </file>
      </package>
      <package name="Go1_Technical.data">
        <metrics statements="1" coveredstatements="1" conditionals="0" coveredconditionals="0" methods="0" coveredmethods="0"/>
        <file name="events.js" path="/mnt/c/Users/ciano/Documents/Challanges/Go1_Technical/data/events.js">
          <metrics statements="1" coveredstatements="1" conditionals="0" coveredconditionals="0" methods="0" coveredmethods="0"/>
          <line num="1" count="1" type="stmt"/>
        </file>
      </package>
    </metrics>
  </project>
</coverage>
