{"/mnt/c/Users/ciano/Documents/Challanges/Go1_Technical/app.js": {"path":"/mnt/c/Users/ciano/Documents/Challanges/Go1_Technical/app.js","statementMap":{"0":{"start":{"line":1,"column":16},"end":{"line":1,"column":34}},"1":{"start":{"line":2,"column":12},"end":{"line":2,"column":21}},"2":{"start":{"line":3,"column":12},"end":{"line":3,"column":35}},"3":{"start":{"line":4,"column":13},"end":{"line":4,"column":37}},"4":{"start":{"line":6,"column":18},"end":{"line":16,"column":1}},"5":{"start":{"line":6,"column":27},"end":{"line":16,"column":1}},"6":{"start":{"line":7,"column":2},"end":{"line":15,"column":4}},"7":{"start":{"line":8,"column":4},"end":{"line":10,"column":5}},"8":{"start":{"line":9,"column":6},"end":{"line":9,"column":18}},"9":{"start":{"line":12,"column":4},"end":{"line":14,"column":5}},"10":{"start":{"line":13,"column":6},"end":{"line":13,"column":22}},"11":{"start":{"line":18,"column":22},"end":{"line":37,"column":1}},"12":{"start":{"line":19,"column":21},"end":{"line":19,"column":53}},"13":{"start":{"line":21,"column":2},"end":{"line":36,"column":3}},"14":{"start":{"line":22,"column":18},"end":{"line":22,"column":55}},"15":{"start":{"line":24,"column":4},"end":{"line":31,"column":6}},"16":{"start":{"line":25,"column":6},"end":{"line":25,"column":25}},"17":{"start":{"line":26,"column":6},"end":{"line":26,"column":13}},"18":{"start":{"line":28,"column":6},"end":{"line":30,"column":8}},"19":{"start":{"line":33,"column":4},"end":{"line":35,"column":7}},"20":{"start":{"line":39,"column":24},"end":{"line":40,"column":89}},"21":{"start":{"line":40,"column":2},"end":{"line":40,"column":89}},"22":{"start":{"line":40,"column":26},"end":{"line":40,"column":88}},"23":{"start":{"line":42,"column":0},"end":{"line":42,"column":23}},"24":{"start":{"line":44,"column":0},"end":{"line":49,"column":3}},"25":{"start":{"line":45,"column":19},"end":{"line":45,"column":59}},"26":{"start":{"line":46,"column":17},"end":{"line":46,"column":48}},"27":{"start":{"line":48,"column":2},"end":{"line":48,"column":30}},"28":{"start":{"line":51,"column":0},"end":{"line":55,"column":3}},"29":{"start":{"line":52,"column":2},"end":{"line":54,"column":5}},"30":{"start":{"line":57,"column":0},"end":{"line":57,"column":21}}},"fnMap":{"0":{"name":"(anonymous_0)","decl":{"start":{"line":6,"column":18},"end":{"line":6,"column":19}},"loc":{"start":{"line":6,"column":27},"end":{"line":16,"column":1}},"line":6},"1":{"name":"(anonymous_1)","decl":{"start":{"line":6,"column":39},"end":{"line":6,"column":40}},"loc":{"start":{"line":7,"column":2},"end":{"line":15,"column":4}},"line":7},"2":{"name":"(anonymous_2)","decl":{"start":{"line":7,"column":43},"end":{"line":7,"column":44}},"loc":{"start":{"line":7,"column":66},"end":{"line":15,"column":3}},"line":7},"3":{"name":"(anonymous_3)","decl":{"start":{"line":18,"column":22},"end":{"line":18,"column":23}},"loc":{"start":{"line":18,"column":42},"end":{"line":37,"column":1}},"line":18},"4":{"name":"(anonymous_4)","decl":{"start":{"line":24,"column":26},"end":{"line":24,"column":27}},"loc":{"start":{"line":24,"column":37},"end":{"line":27,"column":5}},"line":24},"5":{"name":"(anonymous_5)","decl":{"start":{"line":27,"column":13},"end":{"line":27,"column":14}},"loc":{"start":{"line":28,"column":6},"end":{"line":30,"column":8}},"line":28},"6":{"name":"(anonymous_6)","decl":{"start":{"line":39,"column":24},"end":{"line":39,"column":25}},"loc":{"start":{"line":40,"column":2},"end":{"line":40,"column":89}},"line":40},"7":{"name":"(anonymous_7)","decl":{"start":{"line":40,"column":17},"end":{"line":40,"column":18}},"loc":{"start":{"line":40,"column":26},"end":{"line":40,"column":88}},"line":40},"8":{"name":"(anonymous_8)","decl":{"start":{"line":44,"column":42},"end":{"line":44,"column":43}},"loc":{"start":{"line":44,"column":56},"end":{"line":49,"column":1}},"line":44},"9":{"name":"(anonymous_9)","decl":{"start":{"line":51,"column":13},"end":{"line":51,"column":14}},"loc":{"start":{"line":51,"column":27},"end":{"line":55,"column":1}},"line":51}},"branchMap":{"0":{"loc":{"start":{"line":8,"column":4},"end":{"line":10,"column":5}},"type":"if","locations":[{"start":{"line":8,"column":4},"end":{"line":10,"column":5}},{"start":{"line":8,"column":4},"end":{"line":10,"column":5}}],"line":8},"1":{"loc":{"start":{"line":12,"column":4},"end":{"line":14,"column":5}},"type":"if","locations":[{"start":{"line":12,"column":4},"end":{"line":14,"column":5}},{"start":{"line":12,"column":4},"end":{"line":14,"column":5}}],"line":12},"2":{"loc":{"start":{"line":19,"column":21},"end":{"line":19,"column":53}},"type":"binary-expr","locations":[{"start":{"line":19,"column":21},"end":{"line":19,"column":45}},{"start":{"line":19,"column":49},"end":{"line":19,"column":53}}],"line":19},"3":{"loc":{"start":{"line":21,"column":2},"end":{"line":36,"column":3}},"type":"if","locations":[{"start":{"line":21,"column":2},"end":{"line":36,"column":3}},{"start":{"line":21,"column":2},"end":{"line":36,"column":3}}],"line":21},"4":{"loc":{"start":{"line":22,"column":18},"end":{"line":22,"column":55}},"type":"binary-expr","locations":[{"start":{"line":22,"column":18},"end":{"line":22,"column":42}},{"start":{"line":22,"column":46},"end":{"line":22,"column":55}}],"line":22},"5":{"loc":{"start":{"line":45,"column":19},"end":{"line":45,"column":59}},"type":"binary-expr","locations":[{"start":{"line":45,"column":19},"end":{"line":45,"column":38}},{"start":{"line":45,"column":42},"end":{"line":45,"column":59}}],"line":45}},"s":{"0":1,"1":1,"2":1,"3":1,"4":1,"5":9,"6":9,"7":9,"8":2,"9":9,"10":7,"11":1,"12":10,"13":10,"14":9,"15":9,"16":7,"17":7,"18":2,"19":1,"20":1,"21":6,"22":48,"23":1,"24":1,"25":6,"26":6,"27":6,"28":1,"29":1,"30":1},"f":{"0":9,"1":9,"2":9,"3":10,"4":7,"5":2,"6":6,"7":48,"8":6,"9":1},"b":{"0":[2,7],"1":[7,2],"2":[10,1],"3":[9,1],"4":[9,1],"5":[6,2]},"_coverageSchema":"332fd63041d2c1bcb487cc26dd0d5f7d97098a6c","hash":"eaba24bbff58abc153c61a83cde640f71e17a6d1"}
,"/mnt/c/Users/ciano/Documents/Challanges/Go1_Technical/data/events.js": {"path":"/mnt/c/Users/ciano/Documents/Challanges/Go1_Technical/data/events.js","statementMap":{"0":{"start":{"line":1,"column":0},"end":{"line":138,"column":2}}},"fnMap":{},"branchMap":{},"s":{"0":1},"f":{},"b":{},"_coverageSchema":"332fd63041d2c1bcb487cc26dd0d5f7d97098a6c","hash":"6e8ffd3d06f6df3e12e5bbbeb0aa5ca8ca3ce8c2"}
}
