TN:
SF:/mnt/c/Users/ciano/Documents/Challanges/Go1_Technical/app.js
FN:6,(anonymous_0)
FN:6,(anonymous_1)
FN:7,(anonymous_2)
FN:18,(anonymous_3)
FN:24,(anonymous_4)
FN:27,(anonymous_5)
FN:39,(anonymous_6)
FN:40,(anonymous_7)
FN:44,(anonymous_8)
FN:51,(anonymous_9)
FNF:10
FNH:10
FNDA:9,(anonymous_0)
FNDA:9,(anonymous_1)
FNDA:9,(anonymous_2)
FNDA:10,(anonymous_3)
FNDA:7,(anonymous_4)
FNDA:2,(anonymous_5)
FNDA:6,(anonymous_6)
FNDA:48,(anonymous_7)
FNDA:6,(anonymous_8)
FNDA:1,(anonymous_9)
DA:1,1
DA:2,1
DA:3,1
DA:4,1
DA:6,9
DA:7,9
DA:8,9
DA:9,2
DA:12,9
DA:13,7
DA:18,1
DA:19,10
DA:21,10
DA:22,9
DA:24,9
DA:25,7
DA:26,7
DA:28,2
DA:33,1
DA:39,1
DA:40,48
DA:42,1
DA:44,1
DA:45,6
DA:46,6
DA:48,6
DA:51,1
DA:52,1
DA:57,1
LF:29
LH:29
BRDA:8,0,0,2
BRDA:8,0,1,7
BRDA:12,1,0,7
BRDA:12,1,1,2
BRDA:19,2,0,10
BRDA:19,2,1,1
BRDA:21,3,0,9
BRDA:21,3,1,1
BRDA:22,4,0,9
BRDA:22,4,1,1
BRDA:45,5,0,6
BRDA:45,5,1,2
BRF:12
BRH:12
end_of_record
TN:
SF:/mnt/c/Users/ciano/Documents/Challanges/Go1_Technical/data/events.js
FNF:0
FNH:0
DA:1,1
LF:1
LH:1
BRF:0
BRH:0
end_of_record
